<?xml version="1.0" encoding="UTF-8"?>
<!-- Generated by org.testng.reporters.JUnitReportReporter -->
<testsuite hostname="ojt6-PC" name="driverScript.AppTest" tests="1" failures="0" timestamp="12 Feb 2020 07:54:35 GMT" time="105.535" errors="0">
  <testcase name="f" time="105.535" classname="driverScript.AppTest"/>
</testsuite> <!-- driverScript.AppTest -->
